2014-08-18 15:24:12+0800 [scrapy] INFO: Scrapy 0.24.2 started (bot: scrapycrawl)
2014-08-18 15:24:12+0800 [scrapy] INFO: Optional features available: ssl, http11, django
2014-08-18 15:24:12+0800 [scrapy] INFO: Overridden settings: {'NEWSPIDER_MODULE': 'scrapycrawl.spiders', 'SPIDER_MODULES': ['scrapycrawl.spiders'], 'BOT_NAME': 'scrapycrawl', 'COOKIES_ENABLED': False, 'USER_AGENT': '', 'SCHEDULER': 'scrapycrawl.scrapy_redis.scheduler.Scheduler', 'LOG_FILE': 'logs/scrapy.log', 'DOWNLOAD_DELAY': 1}
2014-08-18 15:24:12+0800 [scrapy] INFO: Enabled extensions: AutoThrottle, LogStats, TelnetConsole, CloseSpider, WebService, CoreStats, SpiderState
2014-08-18 15:24:13+0800 [scrapy] INFO: Enabled downloader middlewares: HttpAuthMiddleware, DownloadTimeoutMiddleware, RotateUserAgentMiddleware, RetryMiddleware, DefaultHeadersMiddleware, MetaRefreshMiddleware, HttpCompressionMiddleware, RedirectMiddleware, ChunkedTransferMiddleware, DownloaderStats
2014-08-18 15:24:13+0800 [scrapy] INFO: Enabled spider middlewares: HttpErrorMiddleware, OffsiteMiddleware, RefererMiddleware, UrlLengthMiddleware, DepthMiddleware
2014-08-18 15:24:13+0800 [scrapy] INFO: Enabled item pipelines: WoaiduBookFile, DropNoneBookFile, SingleMongodbPipeline
2014-08-18 15:24:13+0800 [woaidu] INFO: Spider opened
2014-08-18 15:24:13+0800 [woaidu] INFO: Crawled 0 pages (at 0 pages/min), scraped 0 items (at 0 items/min)
2014-08-18 15:24:13+0800 [scrapy] DEBUG: Telnet console listening on 127.0.0.1:6027
2014-08-18 15:24:13+0800 [scrapy] DEBUG: Web service listening on 127.0.0.1:6084
2014-08-18 15:24:14+0800 [woaidu] DEBUG: Crawled (200) <GET http://www.woaidu.org/sitemap_1.html> (referer: None)
2014-08-18 15:24:16+0800 [woaidu] DEBUG: Crawled (200) <GET http://www.woaidu.org/sitemap_2.html> (referer: http://www.woaidu.org/sitemap_1.html)
2014-08-18 15:24:19+0800 [woaidu] DEBUG: Crawled (200) <GET http://www.woaidu.org/book_197990.html> (referer: http://www.woaidu.org/sitemap_1.html)
2014-08-18 15:24:19+0800 [woaidu] ERROR: Error processing {'author': [u'\u716e\u5f00\u6c34'],
	 'book_covor_image_url': u'',
	 'book_description': u'JJ\u900f\u660e\u4f55\u5176\u591a\uff0c\u4e0d\u591a\u4f60\u4e00\u53ea\uff0c\u4e0d\u5c11\u6211\u4e00\u53ea\u3002\u7b14\u540d\u53eb\u505a\u716e\u5f00\u6c34\u7684\u67d0JJ\u900f\u660e\u81ea\u5f97\u5176\u4e50\u7684\u5728\u7535\u8111\u524d\u6447\u5934\u6643\u8111\uff0c\u770b\u7740\u5c4f\u5e55\u91cc\u7684\u4eba\u7269\u6d41\u53e3\u6c34\u3002\u4f5c\u4e3a\u4e00\u53ea\u5373\u5c06\u5954\u4e09\u7684\uff0c\u5927\u9f84\u7684\uff0c\u672a\u5a5a\u7684\uff0c\u5f85\u4e1a\u7684\uff0c\u6ee1\u8111\u5b50\u743c\u7476\u963f\u59e8\u60f3\u6cd5\u7684\u5c0f\u900f\u660e\uff0c\u716e\u5f00\u6c34\u4e0d\u53ef\u907f\u514d\u7684\u6709\u4e9b\u6076\u4e60\uff0c\u6bd4\u5982\u6709\u8d3c\u5fc3\u5bf9\u7740\u4e8c\u5143\u52a8\u753b\u4eba\u7269\u53d1\u82b1\u75f4\uff0c\u6ca1\u8d3c\u80c6\u6572\u5bf9\u95e8\u81ea\u5df1\u89ca\u89ce\u5df2\u4e45\u7684\u5355\u8eab\u6c49\u7684\u5927\u95e8\u3002\u679c\u7136\u4e0a\u95e8\u8868\u767d\u795e\u9a6c\u7684\uff0c\u5bf9\u4e8e\u5b85\u5973\u6765\u8bf4\uff0c\u592a\u4e0d\u9760\u8c31\u4e86\u3002\u770b\u4e86\u6700\u65b0\u4e00\u671f98\u66f4\u65b0\u7684\u6f2b\u753b\uff0c\u716e\u5f00\u6c34\u89c9\u5f97\u81ea\u5df1\u5df2\u7ecf\u4e0d\u80fd\u8a00\u8bed\u4e86\uff0c\u679c\u7136\u5979\u81ea\u8ba4\u4e3a\u81ea\u5df1\u7684\u76f4\u89c9\u8fd8\u662f\u4e0d\u9519\u7684\uff0c\u4f5c\u8005\u7684\u601d\u7ef4\u5df2\u7ecf\u8be1\u5f02\u7684\u53d1\u5c55\u5230\u4e0d\u77e5\u9053\u54ea\u4e2a\u4e16\u754c\u4e86\uff0c\u4e8e\u662f\u6700\u5f00\u59cb\u8fd8\u9760\u8c31\u70b9\u5267\u60c5\u5df2\u7ecf\u53d8\u5f97\u6108\u53d1\u7684\u4e0d\u9760\u8c31\u8d77\u6765\u3002\u201c\u6211\u60f3\u5927\u767d\u4e86\uff0c\u673d\u6728\u767d\u54c9\uff0c\u4f60\u600e\u5730\u4e0d\u51fa\u573a\u5462\uff1f\u201d\u716e\u5f00\u6c34\u6b64\u65f6\u68ee\u68ee\u7684\u6028\u5ff5\u7740\uff0c\u53ea\u662f\u8fd9\u8d27\u663e\u7136\u6ca1\u6709\u53d1\u73b0\uff0c\u81ea\u5df1\u7684\u6028\u5ff5\u5df2\u7ecf\u5177\u73b0\u5316\u4e86\u3002\u679c\u65ad\u5173\u95ed\u9875\u9762\uff0c\u716e\u5f00\u6c34\u51b3\u5b9a\u8e72\u5728\u7535\u8111\u524d\u7801\u5b57\uff0c\u53ea...',
	 'book_download': [],
	 'book_name': u'\u540d\u4e3a\u716e\u5f00\u6c34\u7684\u67d0\u4f5c\u8005\u7684yy',
	 'original_url': 'http://www.woaidu.org/book_197990.html'}
	Traceback (most recent call last):
	  File "/usr/local/lib/python2.7/dist-packages/scrapy/middleware.py", line 62, in _process_chain
	    return process_chain(self.methods[methodname], obj, *args)
	  File "/usr/local/lib/python2.7/dist-packages/scrapy/utils/defer.py", line 65, in process_chain
	    d.callback(input)
	  File "/usr/lib/python2.7/dist-packages/twisted/internet/defer.py", line 382, in callback
	    self._startRunCallbacks(result)
	  File "/usr/lib/python2.7/dist-packages/twisted/internet/defer.py", line 490, in _startRunCallbacks
	    self._runCallbacks()
	--- <exception caught here> ---
	  File "/usr/lib/python2.7/dist-packages/twisted/internet/defer.py", line 577, in _runCallbacks
	    current.result = callback(current.result, *args, **kw)
	  File "/home/whisky/workspace/eclipse/python/scrapyCrawl_git/scrapyCrawler/scrapycrawl/scrapycrawl/pipelines/bookfile.py", line 76, in process_item
	    info = self.spiderinfo[spider]
	exceptions.TypeError: 'SpiderInfo' object has no attribute '__getitem__'
	
2014-08-18 15:24:20+0800 [woaidu] DEBUG: Crawled (200) <GET http://www.woaidu.org/book_197991.html> (referer: http://www.woaidu.org/sitemap_1.html)
2014-08-18 15:24:20+0800 [woaidu] ERROR: Error processing {'author': [u'\u5413\u715e\u4eba\u9999'],
	 'book_covor_image_url': u'',
	 'book_description': u'\u201cpain\u2026\u2026\u6211\u2026\u2026\u201d\u773c\u524d\u7684\u4eba\u4f4e\u4f4e\u5730\u54bd\u7740\uff0c\u731b\u7136\uff0c\u90a3\u4eba\u4e00\u62ac\u5934\uff0c\u6676\u7ea2\u7684\u773c\u7738\uff0c\u6676\u7ea2\u7684\u5507\uff0c\u96ea\u767d\u7684\u9f7f\uff0c\u4fbf\u51b2\u5165\u773c\u5e18\u3002\u201c\u2026\u2026\u201d\u4e0d\u77e5\u600e\u4e48\u611f\u5230\u4e00\u9635\u7a92\u606f\uff0c\u4f4e\u5934\uff0c\u624d\u53d1\u73b0\u4e00\u675f\u5149\u7a7f\u80f8\u800c\u8fc7\uff0c\u9ed1\u8272\u7684\u5149\u8292\u4e2d\u96a0\u8000\u7740\u7b26\u5492\u2026\u2026\u8840\u987a\u7740\u80f8\u53e3\u8513\u51fa\uff0c\u6ef4\u843d\u2014\u2014\u4fbf\u662f\u4e00\u6735\u6676\u7ea2\u7684\u82b1\u2026\u2026\u9ed1\u6697\u4e2d\uff0c\u7f6a\u884c\u65e0\u58f0\uff0c\u53ef\u4ee5\u611f\u89c9\u5230\u81ea\u5df1\u8eab\u540e\u7684\u51f6\u624b\u2014\u2014\u5077\u88ad\u81ea\u5df1\u7684\u201c\u7075\u201d\u63a7\u5236\u4e0d\u4f4f\u7684\u6740\u6c14\u3002\u6ef4\u7b54\u2014\u2014\u6ef4\u7b54\u2014\u2014\u6ef4\u2014\u2014\u8840\u6ef4\u649e\u51fb\u7740\u6c34\u6676\u7684\u5730\u9762\uff0c\u58f0\u97f3\u5374\u5982\u6b64\u8f7b\u67d4\uff0c\u66fc\u5999\uff0c\u5982\u50ac\u7720\u66f2\uff0c\u4ee5\u4e00\u79cd\u6beb\u65e0\u6740\u4f24\u529b\u7684\u58f0\u97f3\u6162\u6162\u593a\u8d70\u4eba\u7684\u795e\u667a\uff0c\u773c\u76ae\u4e5f\u6e10\u6e10\u91cd\u4e86\u8d77\u6765\u2026\u2026\u4f46\u2026\u2026\u8fd8\u662f\u53ef\u4ee5\u6e05\u6670\u5730\u770b\u5230\u773c\u6cea\u2026\u2026\u540c\u65f6\u4ece\u5bf9\u65b9\u773c\u4e2d\u6389\u843d\uff0c\u6253\u788e\u4e86\u4e00\u5730\u7684\u7ea2\u2026\u2026\u201cpain\u2026\u2026\u53ea\u6709\u4f60\u4e0d\u53ef\u4ee5\u80cc\u53db\u2026\u2026\u201d\u5bf9\u9762\u7684\u4eba\u8f7b\u8f7b\u54ed\u6ce3\u2026\u2026\u201c\u554a\u2026\u2026\u201d\u4f34\u968f\u7740\u4e00\u58f0\u5c16\u53eb\uff0c\u8428\u742a\u4e00\u4e0b\u5b50\u4ece\u5e8a\u4e0a\u8dc3\u8d77\uff0c\u5979\u7741\u5927\u53cc\u773c\uff0c\u770b\u7740\u81ea\u5df1\u5fae\u5fae\u53d1\u6296\u7684\u53cc\u624b\u5598\u606f\u7740\u3002\u201c\u742a\u742a\uff0c\u4f60...',
	 'book_download': [],
	 'book_name': u'\u68a6\u955c-\u6676\u7ea2\u7ae0',
	 'original_url': 'http://www.woaidu.org/book_197991.html'}
	Traceback (most recent call last):
	  File "/usr/local/lib/python2.7/dist-packages/scrapy/middleware.py", line 62, in _process_chain
	    return process_chain(self.methods[methodname], obj, *args)
	  File "/usr/local/lib/python2.7/dist-packages/scrapy/utils/defer.py", line 65, in process_chain
	    d.callback(input)
	  File "/usr/lib/python2.7/dist-packages/twisted/internet/defer.py", line 382, in callback
	    self._startRunCallbacks(result)
	  File "/usr/lib/python2.7/dist-packages/twisted/internet/defer.py", line 490, in _startRunCallbacks
	    self._runCallbacks()
	--- <exception caught here> ---
	  File "/usr/lib/python2.7/dist-packages/twisted/internet/defer.py", line 577, in _runCallbacks
	    current.result = callback(current.result, *args, **kw)
	  File "/home/whisky/workspace/eclipse/python/scrapyCrawl_git/scrapyCrawler/scrapycrawl/scrapycrawl/pipelines/bookfile.py", line 76, in process_item
	    info = self.spiderinfo[spider]
	exceptions.TypeError: 'SpiderInfo' object has no attribute '__getitem__'
	
2014-08-18 15:24:22+0800 [woaidu] DEBUG: Crawled (200) <GET http://www.woaidu.org/book_197992.html> (referer: http://www.woaidu.org/sitemap_1.html)
2014-08-18 15:24:22+0800 [woaidu] ERROR: Error processing {'author': [u'domoto1987'],
	 'book_covor_image_url': u'',
	 'book_description': u'\u8fe2\u8fe2\u679d\u4e0a\u67f3\uff0c\u60a0\u60a0\u89c2\u8377\u98ce\u3002\u2014\u2014\u66f2\u6052\u751f  \u706f\u706b\u5bc2\u5bc2\uff0c\u591c\u9759\u65e0\u4eba\uff0c\u98ce\u81ea\u7a97\u5916\u6765\uff0c\u5439\u5f97\u684c\u4e0a\u70db\u706b\u8df3\u8dc3\u3002\u590f\u591c\u6e05\u51c9\u5e72\u71e5\uff0c\u6211\u8131\u4e0b\u5916\u886b\uff0c\u503e\u8eab\u5439\u706d\u4e00\u70b9\u8df3\u52a8\u7684\u7ea2\u5149\u51c6\u5907\u6536\u62fe\u5c31\u5bdd\u3002  \u201c\u6263\u3001\u6263\u3001\u6263\u201d\u51e0\u58f0\u6e05\u8106\u95e8\u54cd\uff0c\u8fd9\u6837\u7684\u5c71\u6751\u91ce\u5916\uff0c\u534a\u591c\u7adf\u7136\u6709\u4eba\u6572\u95e8\u501f\u5bbf\uff1f  \u62ab\u4e0a\u8863\u670d\uff0c\u91cd\u65b0\u70b9\u71c3\u706f\u70db\uff0c\u62c9\u5f00\u95e8\uff0c\u5165\u773c\u7adf\u662f\u4e00\u8eab\u94c1\u8840\u94e0\u7532\u3002\u6211\u60ca\u8bb6\u5730\u62ac\u8d77\u5934\uff0c\u770b\u5230\u4e00\u5f20\u4e30\u795e\u4fca\u79c0\u7684\u8138\uff0c\u90a3\u8138\u7684\u4e3b\u4eba\u7741\u4e00\u53cc\u4e0d\u89c1\u6ce2\u75d5\u7684\u773c\u775b\u770b\u7740\u6211\uff0c\u8f7b\u58f0\u53eb\u9053\uff1a\u201c\u884c\u77e5\u3002\u201d  \u4eff\u4f5b\u6211\u4eec\u957f\u4e45\u7684\u5206\u79bb\u4e0d\u89c1\uff0c\u4e0d\u8fc7\u662f\u7247\u523b\u60a0\u68a6\u3002  \u300a\u8377\u98ce\u300b\u5185\u5bb9\u622a\u9009\uff1a\u4ed6\u5df2\u7ecf\u4e0a\u4e86\u9a6c\uff0c\u671d\u6211\u4e00\u62f1\u62f3\uff1a\u201c\u9752\u5e2e\u5c11\u5e2e\u4e3b\u674e\u7bcc\u7eaa\uff01\u544a\u8f9e\uff01\u201d\u4fbf\u98de\u8eab\u79bb\u53bb\u3002  \u6211\u7b80\u76f4\u5982\u96f7\u8f70\u9876\u3002\u539f\u6765\u771f\u6709\u674e\u7bcc\u7eaa\u5176\u4eba\uff0c\u4f46\u4ed6\u5b9a\u7136\u4e0d\u662f\u590f\u6e05\u7384\uff0c\u800c\u521a\u624d\u90a3\u4eba\u79f0\u547c\u5c0f\u4e09\u662f\u2014\u2014\u96be\u9053\u674e\u7bcc\u7eaa\u5176\u5b9e\u5c31\u662f\u6052\u751f\uff01  \u5c0f\u4e09\u4e5f\u9887\u4e3a\u5403\u60ca\uff0c\u4e0b\u9a6c\u8d70\u5230\u6211\u8eab\u8fb9\uff0c\u6211\u6253\u5f00\u4fe1\u5c01\uff0c\u679c\u7136\u662f\u4e00\u888b\u7684...',
	 'book_download': [],
	 'book_name': u'\u8377\u98ce',
	 'original_url': 'http://www.woaidu.org/book_197992.html'}
	Traceback (most recent call last):
	  File "/usr/local/lib/python2.7/dist-packages/scrapy/middleware.py", line 62, in _process_chain
	    return process_chain(self.methods[methodname], obj, *args)
	  File "/usr/local/lib/python2.7/dist-packages/scrapy/utils/defer.py", line 65, in process_chain
	    d.callback(input)
	  File "/usr/lib/python2.7/dist-packages/twisted/internet/defer.py", line 382, in callback
	    self._startRunCallbacks(result)
	  File "/usr/lib/python2.7/dist-packages/twisted/internet/defer.py", line 490, in _startRunCallbacks
	    self._runCallbacks()
	--- <exception caught here> ---
	  File "/usr/lib/python2.7/dist-packages/twisted/internet/defer.py", line 577, in _runCallbacks
	    current.result = callback(current.result, *args, **kw)
	  File "/home/whisky/workspace/eclipse/python/scrapyCrawl_git/scrapyCrawler/scrapycrawl/scrapycrawl/pipelines/bookfile.py", line 76, in process_item
	    info = self.spiderinfo[spider]
	exceptions.TypeError: 'SpiderInfo' object has no attribute '__getitem__'
	
2014-08-18 15:24:23+0800 [woaidu] DEBUG: Crawled (200) <GET http://www.woaidu.org/book_197993.html> (referer: http://www.woaidu.org/sitemap_1.html)
2014-08-18 15:24:23+0800 [woaidu] ERROR: Error processing {'author': [u'\u61a9\u6c60\u7fe9\u5919'],
	 'book_covor_image_url': u'',
	 'book_description': u'\u5353\u4e16\u5bab\u7684\u5b9e\u529b\u867d\u7136\u4e0d\u53ca\u6c5f\u6e56\u6b66\u6797\u4e2d\u4e16\u4ee3\u4f20\u627f\u7684\u5927\u5b97\u95e8\u6d3e\uff0c\u4f46\u5176\u5730\u4f4d\u5374\u662f\u4e0d\u53ef\u5c0f\u5618\u7684\u3002\u56e0\u4e3a\u5b83\u5bc6\u5207\u8054\u7cfb\u7740\u6c5f\u6e56\u548c\u671d\u5ef7\u3002\u5bab\u4e2d\u4e0b\u8bbe\u4e09\u4e2a\u697c\uff0c\u4e00\u4e2a\u697c\u4e0b\u8bbe\u4e09\u4e2a\u9601\uff0c\u6545\u6709\u4e09\u697c\u4e5d\u9601\u5353\u4e16\u5bab\u4e4b\u79f0\u3002\u4e24\u4e2a\u697c\u4e3b\u548c\u5927\u591a\u9601\u4e3b\u90fd\u5728\u671d\u5ef7\u4e2d\u4f4d\u5c45\u9ad8\u5b98\u3002\u5b98\u5458\u80fd\u660e\u76ee\u5f20\u80c6\u7684\u5165\u5bab\u62c5\u4efb\u804c\u52a1\u4e5f\u8bf4\u660e\uff0c\u5bab\u4e3b\u4e0e\u5f53\u4eca\u5723\u4e0a\u5b9a\u6709\u7275\u8fde\u3002\u66f4\u6709\u80dc\u8005\uff0c\u9053\u5353\u4e16\u5bab\u76f4\u5c5e\u5723\u4e0a\uff0c\u662f\u5723\u4e0a\u57f9\u517b\u7684\u53e6\u4e00\u80a1\u538b\u5236\u53cd\u6d3e\u4efd\u5b50\u7684\u52bf\u529b\u3002\u4e00\u5e74\u4e00\u5ea6\u7684\u9601\u4e3b\u4e4b\u4e89\u4e5f\u7f51\u7f57\u4e86\u8bb8\u591a\u6b66\u6797\u9ad8\u624b\u3002\u4f20\u95fb\u6c5f\u6e56\u6b66\u6797\u76df\u4e3b\u4e5f\u66fe\u5782\u6d8e\u4e8e\u6b64\uff0c\u4fbf\u4e0e\u5353\u4e16\u5bab\u79c1\u4e0b\u8054\u76df\uff0c\u5f97\u4e00\u9601\u4e4b\u4e3b\uff0c\u7518\u613f\u4e3a\u671d\u5ef7\u6548\u547d\u3002\u6211\u5a18\u4e5f\u662f\u51ed\u501f\u81ea\u5df1\u4e00\u8eab\u6b66\u827a\u4e89\u5f97\u7ea2\u82b3\u9601\u9601\u4e3b\u4e4b\u4f4d\uff0c\u4f46\u5f53\u5e74\u60ca\u9e3f\u4e00\u77a5\uff0c\u5bab\u4e3b\u5c06\u5a18\u6536\u4e3a\u4e86\u4fa7\u5ba4\uff0c\u4fbf\u6709\u4e86\u6211\uff0c\u5353\u7410\u6b22\u3002\u5728\u6211\u8bb0\u5fc6\u91cc\uff0c\u5a18\u662f\u51b7\u6f20\u7684\u3002\u5979\u7b11\u8fc7\uff0c\u4f46\u4e0d\u662f\u5bf9\u6211\u7b11\uff0c\u662f\u5bf9\u5bab\u4e3b\u3002\u5979\u54ed\u8fc7\uff0c\u4e0d\u662f\u5728\u6211\u9762\u524d\uff0c\u4e5f\u4e0d\u662f\u5728\u5bab\u4e3b\u9762\u524d\uff0c\u800c\u662f\u81ea\u5df1\u8eb2\u7740\u54ed\u3002\u5979\u7684\u9762\u5bb9\u6c38\u8fdc\u662f\u90a3\u4e48\u82cd\u767d...',
	 'book_download': [],
	 'book_name': u'\u9501\u6b22\u51b7,\u70df\u706b\u5bd2',
	 'original_url': 'http://www.woaidu.org/book_197993.html'}
	Traceback (most recent call last):
	  File "/usr/local/lib/python2.7/dist-packages/scrapy/middleware.py", line 62, in _process_chain
	    return process_chain(self.methods[methodname], obj, *args)
	  File "/usr/local/lib/python2.7/dist-packages/scrapy/utils/defer.py", line 65, in process_chain
	    d.callback(input)
	  File "/usr/lib/python2.7/dist-packages/twisted/internet/defer.py", line 382, in callback
	    self._startRunCallbacks(result)
	  File "/usr/lib/python2.7/dist-packages/twisted/internet/defer.py", line 490, in _startRunCallbacks
	    self._runCallbacks()
	--- <exception caught here> ---
	  File "/usr/lib/python2.7/dist-packages/twisted/internet/defer.py", line 577, in _runCallbacks
	    current.result = callback(current.result, *args, **kw)
	  File "/home/whisky/workspace/eclipse/python/scrapyCrawl_git/scrapyCrawler/scrapycrawl/scrapycrawl/pipelines/bookfile.py", line 76, in process_item
	    info = self.spiderinfo[spider]
	exceptions.TypeError: 'SpiderInfo' object has no attribute '__getitem__'
	
2014-08-18 15:24:24+0800 [woaidu] DEBUG: Crawled (200) <GET http://www.woaidu.org/book_197994.html> (referer: http://www.woaidu.org/sitemap_1.html)
2014-08-18 15:24:24+0800 [woaidu] ERROR: Error processing {'author': [u'\u8f66\u7978\u73b0\u573a'],
	 'book_covor_image_url': u'',
	 'book_description': u'\u662f\u591c\uff0c\u5e26\u7740\u6df1\u79cb\u7279\u6709\u7684\u8427\u745f\u4e0e\u51c4\u51b7\uff0c\u6d53\u91cd\u8986\u4e8e\u5341\u91cc\u957f\u5761\uff0c\u66f4\u79c3\u663e\u51fa\u90a3\u62b9\u614c\u5f20\u8df3\u8dc3\u7684\u767d\u5f71\u3002\u4e00\u811a\u6df1\u4e00\u811a\u6d45\u7684\u5411\u524d\u8dd1\uff0c\u5c11\u5e74\u4e00\u8eab\u767d\u8863\uff0c\u6000\u91cc\u63e3\u7740\u56e2\u767d\u8272\u7684\u5c0f\u52a8\u7269\uff0c\u65f6\u4e0d\u65f6\u56de\u5934\u5f20\u671b\u3002\u90a3\u53ea\u5c0f\u52a8\u7269\u8f6c\u7740\u5927\u773c\u775b\u4ece\u4ed6\u6000\u91cc\u63a2\u51fa\u5934\uff0c\u770b\u4e0d\u6e05\u524d\u65b9\uff0c\u4ef0\u8d77\u8116\u5b50\uff0c\u72b9\u8c6b\u518d\u4e09\u8fd8\u662f\u4f38\u51fa\u820c\u5934\u8214\u4e86\u8214\u4ed6\u7684\u4e0b\u5df4\u3002\u5c11\u5e74\u7d27\u7ef7\u7684\u60c5\u7eea\u987f\u65f6\u677e\u4e86\u4e0b\u6765\uff0c\u4f4e\u5934\u51b2\u5b83\u7b11\u4e86\u7b11\u3002\u653e\u6162\u811a\u6b65\uff0c\u4ed6\u6700\u540e\u505c\u5728\u4e86\u6811\u6797\u524d\uff0c\u628a\u5b83\u62b1\u51fa\u6765\u7684\u65f6\u5019\uff0c\u4e0d\u81ea\u89c9\u5730\u5438\u4e86\u53e3\u5bd2\u6c14\u3002\u653e\u5b83\u5230\u5730\u4e0a\uff0c\u987a\u4e86\u987a\u5b83\u7684\u6bdb\uff0c\u201c\u4e56\uff0c\u4f60\u56de\u5bb6\u5427\uff0c\u8bb0\u5f97\u544a\u8bc9\u4f60\u7684\u540c\u4f34\u4ee5\u540e\u4e0d\u8981\u53bb\u6797\u5b50\u7684\u4e1c\u5357\u5904\uff0c\u90a3\u91cc\u6709\u5f88\u591a\u9677\u9631\uff0c\u597d\u4e86\uff0c\u5feb\u70b9\u8d70\u5427\u3002\u201d\u62cd\u62cd\u5b83\u7684\u80cc\uff0c\u5c11\u5e74\u62e2\u4e86\u62e2\u8863\u9886\uff0c\u7ad9\u8d77\u6765\uff0c\u56de\u8fc7\u5934\u770b\u4e86\u770b\u4e0d\u8fdc\u5904\u7684\u6751\u5b50\u3002\u5b83\u54ac\u4f4f\u4ed6\u7684\u88e4\u811a\uff0c\u59cb\u7ec8\u4e0d\u613f\u610f\u4ed6\u8d70\uff0c\u4e0d\u505c\u5730\u545c\u545c\u53eb\u3002\u5c11\u5e74\u8e72\u4e0b\uff0c\u98df\u6307\u5728\u5b83\u989d\u4e0a\u8f7b\u8f7b\u5730\u63c9\u4e86\u63c9\uff0c\u201c\u53bb\u5427\uff0c\u6211\u4f1a\u8bb0\u5f97\u4f60\u7684\uff0c\u4e56\u3002\u201d \u300a\u7d2b\u85e4\u67b6\u4e0b,\u6625\u6696\u82b1\u5f00\u300b\u5185...',
	 'book_download': [{'progress': u'\u5b8c\u7ed3',
	                    'source_site': [u'\u843d\u5427\u4e66\u5c4b',
	                                    u'http://txt.woaidu.org/bookdownload_bookid_197994_snatchid_151244.html'],
	                    'update_time': u'2011-08-22',
	                    'url': [u'http://xiashu.luo8.com:6163/file/2011-08-22/c1c2ee02d487862e5614295db02bfe25.txt',
	                            u'http://www.luo8.com/e/DownSys/DownSoft/?classid=4&id=25227&pathid=0&dtype=1']}],
	 'book_name': u'\u7d2b\u85e4\u67b6\u4e0b,\u6625\u6696\u82b1\u5f00',
	 'original_url': 'http://www.woaidu.org/book_197994.html'}
	Traceback (most recent call last):
	  File "/usr/local/lib/python2.7/dist-packages/scrapy/middleware.py", line 62, in _process_chain
	    return process_chain(self.methods[methodname], obj, *args)
	  File "/usr/local/lib/python2.7/dist-packages/scrapy/utils/defer.py", line 65, in process_chain
	    d.callback(input)
	  File "/usr/lib/python2.7/dist-packages/twisted/internet/defer.py", line 382, in callback
	    self._startRunCallbacks(result)
	  File "/usr/lib/python2.7/dist-packages/twisted/internet/defer.py", line 490, in _startRunCallbacks
	    self._runCallbacks()
	--- <exception caught here> ---
	  File "/usr/lib/python2.7/dist-packages/twisted/internet/defer.py", line 577, in _runCallbacks
	    current.result = callback(current.result, *args, **kw)
	  File "/home/whisky/workspace/eclipse/python/scrapyCrawl_git/scrapyCrawler/scrapycrawl/scrapycrawl/pipelines/bookfile.py", line 76, in process_item
	    info = self.spiderinfo[spider]
	exceptions.TypeError: 'SpiderInfo' object has no attribute '__getitem__'
	
2014-08-18 15:24:25+0800 [woaidu] DEBUG: Crawled (200) <GET http://www.woaidu.org/book_197995.html> (referer: http://www.woaidu.org/sitemap_1.html)
2014-08-18 15:24:25+0800 [woaidu] ERROR: Error processing {'author': [u'\u5bd2\u7b71\u8776\u821e'],
	 'book_covor_image_url': u'',
	 'book_description': u'\u53f6\u4f1f\u5609\u90a3\u5929\u5f88\u5012\u9709\uff0c\u4ed6\u4ece\u6765\u6ca1\u8fd9\u4e48\u5012\u9709\u8fc7\uff0c\u7b80\u76f4\u53ef\u4ee5\u7528\u9ed1\u4e91\u5bc6\u5e03\uff0c\u60e8\u4e0d\u5fcd\u7779\u6765\u5f62\u5bb9\u3002\u4ed6\u81ea\u4fe1\u6ee1\u6ee1\u7684\u9762\u8bd5\u7684\u51e0\u5bb6\u516c\u53f8\uff0c\u50cf\u662f\u7ea6\u597d\u4e86\u4e00\u6837\uff0c\u7adf\u7136\u8fde\u7740\u7ed9\u4ed6\u6765\u7535\u8bdd\uff0c\u8bf4\u7684\u90fd\u662f\u5dee\u4e0d\u591a\u7684\u5ba2\u5957\u8bdd\uff1a\u53f6\u5148\u751f\uff0c\u4e0d\u597d\u610f\u601d\uff0c\u6211\u4eec\u5f88\u62b1\u6b49\u7684\u901a\u77e5\u60a8\uff0c\u7ecf\u8fc7\u6211\u4eec\u5bf9\u60a8\u7684\u8ba4\u771f\u89c2\u5bdf\u4e0e\u8003\u6838\uff0c\u6211\u4eec\u89c9\u5f97\u60a8\u5e76\u4e0d\u9002\u5408\u6211\u4eec\u516c\u53f8\u76ee\u524d\u6240\u9700\u8981\u62db\u8058\u7684\u5c97\u4f4d\uff0c\u4f46\u662f\uff0c\u5982\u679c\u6709\u5408\u9002\u60a8\u7684\u5c97\u4f4d\uff0c\u6211\u4eec\u4e00\u5b9a\u4f1a\u7b2c\u4e00\u65f6\u95f4\u7ed9\u60a8\u7535\u8bdd\u7684\uff0c\u611f\u8c22\u60a8\u6765\u9762\u8bd5\u6211\u4eec\u516c\u53f8\uff0c\u795d\u60a8\u751f\u6d3b\u6109\u5feb\uff01\u53f6\u4f1f\u5609\u5f53\u65f6\u542c\u5f97\u90fd\u5feb\u9ebb\u6728\u4e86\uff0c\u7136\u540e\u6124\u6124\u7684\u60f3\uff1a\u6109\u5feb\uff0c\u6109\u5feb\u4e2a\u5c41\uff0c\u771f\u865a\u4f2a\uff0c\u76f4\u63a5\u8bf4\u9762\u8bd5\u4e0d\u901a\u8fc7\u4e0d\u5c31\u5f97\u4e86\uff0c\u975e\u5f97\u7f57\u91cc\u5570\u55e6\u7684\u8bf4\u90a3\u4e48\u4e00\u5806\uff0c\u90fd\u4e0d\u7d2f\u4e48\uff0c\u90a3\u4e48\u591a\u4eba\uff0c\u6bcf\u4e2a\u4eba\u90fd\u5f97\u8fd9\u4e48\u8bf4\u4e00\u6b21\uff0c\u8981\u662f\u6211\uff0c\u6211\u80af\u5b9a\u7d2f\uff0c\u76f4\u63a5\u6254\u4e00\u53e5\u9762\u8bd5\u4e0d\u8fc7\uff0c\u8bf7\u53bb\u4e0b\u5bb6\u5427\uff01\u4ed6\u5728\u8def\u65c1\u7684\u77f3\u51f3\u4e0a\u5750\u4e86\u8bb8\u4e45\uff0c\u6c14\u547c\u547c\u7684\u559d\u4e86\u4e00\u5927\u74f6\u6c34\uff0c\u6253\u4e86\u7535\u8bdd\u7ed9\u5bdd\u5ba4\u7684\u51e0\u4e2a\u4eba\uff0c\u7ea6\u4ed6\u4eec\u665a\u4e0a\u4e00\u8d77\u53bb\u5403\u996d\uff0c\u51e0...',
	 'book_download': [{'progress': u'\u672a\u77e5',
	                    'source_site': [u'txt\u7535\u5b50\u4e66\u4e0b\u8f7d\u7f51',
	                                    u'http://txt.woaidu.org/bookdownload_bookid_197995_snatchid_170008.html'],
	                    'update_time': u'2012-06-14',
	                    'url': [u'http://book.booktxt.com/txtbuk/20120405/danmei/201204051448579574.rar']},
	                   {'progress': u'\u672a\u77e5',
	                    'source_site': [u'\u722c\u4e66\u7f51',
	                                    u'http://txt.woaidu.org/bookdownload_bookid_197995_snatchid_708129.html'],
	                    'update_time': u'2011-12-16',
	                    'url': [u'http://ftp.pashu.cc/UploadFile/2011-10/dxsbxh.rar']},
	                   {'progress': u'\u672a\u77e5',
	                    'source_site': [u'\u4e66\u5305\u7f51',
	                                    u'http://txt.woaidu.org/bookdownload_bookid_197995_snatchid_320367.html'],
	                    'update_time': u'2011-10-21',
	                    'url': [u'http://down.bookbao.com/Books/201110/21/201110212018316047_465433.TXT',
	                            u'http://down1.bookbao.com/UserDown.aspx?id=XMjEyNjkw&rnd=20130904161113']},
	                   {'progress': u'\u5b8c\u7ed3',
	                    'source_site': [u'\u843d\u5427\u4e66\u5c4b',
	                                    u'http://txt.woaidu.org/bookdownload_bookid_197995_snatchid_151434.html'],
	                    'update_time': u'2011-08-22',
	                    'url': [u'http://xiashu.luo8.com:6163/file/2011-08-22/6299533601ad70ad9c4449d7da90a6a1.txt',
	                            u'http://www.luo8.com/e/DownSys/DownSoft/?classid=4&id=25216&pathid=0&dtype=1']},
	                   {'progress': u'\u5b8c\u7ed3',
	                    'source_site': [u'TXTQB\u5c0f\u8bf4\u4e0b\u8f7d\u7f51',
	                                    u'http://txt.woaidu.org/bookdownload_bookid_197995_snatchid_242819.html'],
	                    'update_time': u'2011-08-06',
	                    'url': [u'http://down.txtqb.cn/txtqb/UploadFileds/2011-8/%B5%B1%D0%A1%C8%FD%B1%E4%D0%A1%CA%DC.rar']},
	                   {'progress': u'\u5b8c\u7ed3',
	                    'source_site': [u'\u96e8\u67ab\u7535\u5b50\u4e66',
	                                    u'http://txt.woaidu.org/bookdownload_bookid_197995_snatchid_409803.html'],
	                    'update_time': u'2011-08-06',
	                    'url': [u'http://txt.rain8.com/plus/download.php?open=2&id=7366&uhash=cceb031655ade2e9355ad0c4',
	                            u'http://txt.Rain8.com/uploads/soft/1108/\u5f53\u5c0f\u4e09\u53d8\u5c0f\u53d7_\u96e8\u67ab\u8f69Rain8.com.rar']}],
	 'book_name': u'\u5f53\u5c0f\u4e09\u53d8\u5c0f\u53d7',
	 'original_url': 'http://www.woaidu.org/book_197995.html'}
	Traceback (most recent call last):
	  File "/usr/local/lib/python2.7/dist-packages/scrapy/middleware.py", line 62, in _process_chain
	    return process_chain(self.methods[methodname], obj, *args)
	  File "/usr/local/lib/python2.7/dist-packages/scrapy/utils/defer.py", line 65, in process_chain
	    d.callback(input)
	  File "/usr/lib/python2.7/dist-packages/twisted/internet/defer.py", line 382, in callback
	    self._startRunCallbacks(result)
	  File "/usr/lib/python2.7/dist-packages/twisted/internet/defer.py", line 490, in _startRunCallbacks
	    self._runCallbacks()
	--- <exception caught here> ---
	  File "/usr/lib/python2.7/dist-packages/twisted/internet/defer.py", line 577, in _runCallbacks
	    current.result = callback(current.result, *args, **kw)
	  File "/home/whisky/workspace/eclipse/python/scrapyCrawl_git/scrapyCrawler/scrapycrawl/scrapycrawl/pipelines/bookfile.py", line 76, in process_item
	    info = self.spiderinfo[spider]
	exceptions.TypeError: 'SpiderInfo' object has no attribute '__getitem__'
	
2014-08-18 15:24:27+0800 [woaidu] DEBUG: Crawled (200) <GET http://www.woaidu.org/book_197996.html> (referer: http://www.woaidu.org/sitemap_1.html)
2014-08-18 15:24:27+0800 [woaidu] ERROR: Error processing {'author': [u'\u66fe\u7ecf\u5929\u4f7f'],
	 'book_covor_image_url': u'',
	 'book_description': u'\u76db\u590f\u7684\u70ed\u6d6a\u88ad\u5377\u7740\u6bcf\u4e00\u4e2a\u7a97\u53e3\uff0c\u5374\u53c8\u65f6\u5e38\u9001\u70b9\u723d\u98ce\uff0c\u8fd9\u6837\u7684\u65e5\u5b50\u5239\u662f\u96be\u5f97\u3002\u5728\u7a97\u524d\u60a0\u7136\u7684\u5403\u51b0\u51cc\u6dcb\uff0c\u54c1\u5c1d\u7740\u590f\u65e5\u7684\u53e6\u7c7b\u6e05\u51c9\uff0c\u751f\u6d3b\u597d\u4e0d\u60ec\u610f\u3002   \u751f\u6d3b\u561b\uff0c\u5c31\u8be5\u8fd9\u6837\u3002   \u7a97\u5e18\u7a81\u7136\u95ea\u6765\uff0c\u63a9\u53bb\u592a\u9633\u7684\u70c8\u7ebf\uff0c\u8eab\u540e\u7535\u6247\u6240\u53d1\u51fa\u7684\u6e29\u98ce\u4e5f\u88ab\u622a\u65ad\uff1a   \u201c\u624d\u4e0b\u5348\u4e8c\u70b9\uff0c\u600e\u4e48\u4e0d\u7761\u4e86\uff1f\u201d\u7528\u811a\u90fd\u77e5\u9053\u4f4f\u5728\u6211\u5bb6\u50a8\u85cf\u5ba4\u91cc\u7684\u5bb6\u4f19\u9192\u4e86\uff0c\u53ea\u6709\u4ed6\u624d\u559c\u6b22\u51b7\u4e0d\u4e01\u7684\u51fa\u73b0\u5728\u522b\u4eba\u8eab\u540e\u2014\u4ee4\u4eba\u8ba8\u538c\u7684\u6076\u7656\u554a\uff01   \u201c\u60f3\u770b\u4f60\u3002\u201d   \u201c\u997f\u4e86\u5c31\u522b\u627e\u501f\u53e3\uff0c\u51b0\u7bb1\u91cc\u6709\u4f60\u7684\u5348\u9910\u3002\u201d\u80cc\u5bf9\u7740\u4ed6\uff0c\u770b\u4e0d\u5230\u4ed6\u7684\u8868\u60c5\uff0c\u8bb0\u4e0d\u5f97\u591a\u4e45\u524d\u66fe\u542c\u8fc7\u4e00\u6b21\u2014\u2014\u5fc3\u786e\u5b9e\u52a8\u4e86\u4e00\u4e0b\u3002 \u300a\u6267\u7740\u5728\u66ff\u4e0d\u4e86\u7684\u7231\u300b\u5185\u5bb9\u622a\u9009\uff1a \u800c\u4e24\u4e2a\u540c\u65f6\u8ffd\u51fa\u7684\u4eba\uff0c\u649e\u5230\u4e00\u8d77\uff0c\u6c34\u706b\u4e0d\u5bb9\uff0c\u5175\u620e\u76f8\u89c1\uff0c\u6d9b\u7684\u9a91\u58eb\u957f\u67aa\u6307\u8083\u8d77\u4f0f\u660e\u663e\u6709\u7740\u5fc3\u8df3\u53cd\u5e94\u7684\u80f8\u53e3\uff0c\u800c\u8083\u7528\u8840\u65cf\u4e4b\u6e90\u5e7b\u5212\u51fa\u7684\u957f\u5251\u4e5f\u62b5\u5728\u4e86\u900f\u7740\u9752\u8272\u9759\u8109\u4e0b\u7684\u8165\u7ea2\u7684\u8840\u6db2\u7684\u5589\u90e8\uff01   \u518d...',
	 'book_download': [{'progress': u'\u5b8c\u7ed3',
	                    'source_site': [u'\u843d\u5427\u4e66\u5c4b',
	                                    u'http://txt.woaidu.org/bookdownload_bookid_197996_snatchid_151245.html'],
	                    'update_time': u'2011-08-22',
	                    'url': [u'http://xiashu.luo8.com:6163/file/2011-08-22/929b615721cc2089a62ce51e513d8569.txt',
	                            u'http://www.luo8.com/e/DownSys/DownSoft/?classid=4&id=25226&pathid=0&dtype=1']}],
	 'book_name': u'\u6267\u7740\u5728\u66ff\u4e0d\u4e86\u7684\u7231',
	 'original_url': 'http://www.woaidu.org/book_197996.html'}
	Traceback (most recent call last):
	  File "/usr/local/lib/python2.7/dist-packages/scrapy/middleware.py", line 62, in _process_chain
	    return process_chain(self.methods[methodname], obj, *args)
	  File "/usr/local/lib/python2.7/dist-packages/scrapy/utils/defer.py", line 65, in process_chain
	    d.callback(input)
	  File "/usr/lib/python2.7/dist-packages/twisted/internet/defer.py", line 382, in callback
	    self._startRunCallbacks(result)
	  File "/usr/lib/python2.7/dist-packages/twisted/internet/defer.py", line 490, in _startRunCallbacks
	    self._runCallbacks()
	--- <exception caught here> ---
	  File "/usr/lib/python2.7/dist-packages/twisted/internet/defer.py", line 577, in _runCallbacks
	    current.result = callback(current.result, *args, **kw)
	  File "/home/whisky/workspace/eclipse/python/scrapyCrawl_git/scrapyCrawler/scrapycrawl/scrapycrawl/pipelines/bookfile.py", line 76, in process_item
	    info = self.spiderinfo[spider]
	exceptions.TypeError: 'SpiderInfo' object has no attribute '__getitem__'
	
2014-08-18 15:24:28+0800 [woaidu] DEBUG: Crawled (200) <GET http://www.woaidu.org/book_197997.html> (referer: http://www.woaidu.org/sitemap_1.html)
2014-08-18 15:24:28+0800 [woaidu] ERROR: Error processing {'author': [u'\u8f69\u8f95\u7d2b\u964c'],
	 'book_covor_image_url': u'',
	 'book_description': u'\u71d5\u9752\u662f\u88ab\u5934\u75db\u5524\u9192\u7684\uff0c\u8fd9\u65f6\u7684\u71d5\u9752\u8eab\u4f53\u6beb\u65e0\u529b\u6c14\uff0c\u81ea\u5df1\u8fd8\u6ca1\u6709\u6b7b\u5417\uff1f\u771f\u662f\u53ef\u60b2\u554a\uff01\u5f53\u5934\u90e8\u7684\u75bc\u75db\u7f13\u548c\u4e86\u4ee5\u540e\uff0c\u71d5\u9752\u6162\u6162\u7684\u7741\u5f00\u4e86\u773c\u775b\uff0c\u662f\u4e00\u95f4\u6bd4\u8f83\u6734\u7d20\u7684\u5c4b\u5b50\uff0c\u4f46\u662f\u770b\u4e0a\u53bb\u5374\u5f88\u5e72\u51c0\uff0c\u5f88\u6574\u6d01\uff0c\u8fd9\u91cc\u7684\u4e3b\u4eba\u4e00\u5b9a\u662f\u4e00\u4e2a\u6574\u6d01\u7684\u4eba\u3002\u73b0\u5728\u7684\u71d5\u9752\u89c9\u5f97\u5f88\u7591\u60d1\uff0c\u8fd9\u91cc\u662f\u54ea\u91cc\uff1f\u81ea\u5df1\u4e0d\u662f\u6b7b\u4e86\u4e48\uff1f\u600e\u4e48\u8fd8\u4f1a\u597d\u597d\u7684\u6d3b\u7740\uff1f\u597d\u50cf\u9664\u4e86\u5934\u75bc\u6ca1\u6709\u522b\u7684\u4ec0\u4e48\u95ee\u9898\u3002\u800c\u4e14\u8fd9\u91cc\u4e5f\u4e0d\u50cf\u662f\u81ea\u5df1\u53bb\u8fc7\u7684\u5730\u65b9\uff0c\u4e00\u4e1d\u4e00\u6beb\u7684\u719f\u6089\u611f\u90fd\u6ca1\u6709\u3002\u63c9\u4e86\u63c9\u53d1\u75db\u7684\u5934\u90e8\uff0c\u4e0d\u582a\u7684\u56de\u5fc6\u6e10\u6e10\u7684\u60f3\u8d77\u3002\u90a3\u6bb5\u4e0d\u613f\u610f\u8bb0\u5f97\u7684\u56de\u5fc6\u3002\u4f9d\u7a00\u8bb0\u5f97\u81ea\u5df1\u4e2d\u5f39\u4e86\uff0c\u90a3\u65f6\u7684\u81ea\u5df1\u8eab\u4e0a\u6d41\u51fa\u7684\u9c9c\u7ea2\u8840\u6db2\uff0c\u90fd\u80fd\u591f\u611f\u89c9\u5230\u7075\u9b42\u6162\u6162\u7684\u62bd\u79bb\u8eab\u4f53 \u300a\u7a7f\u8d8a\u6c34\u6d52\u4e4b\u6211\u662f\u71d5\u9752\u300b\u5185\u5bb9\u622a\u9009\uff1a\u201c\u5f53\u7136\u662f\u540e\u5929\u4e86\u3002\u201d\u5362\u4fca\u4e49\u6b63\u8272\u7684\u5bf9\u71d5\u9752\u8bf4\u3002\u201c\u4e3a\u4ec0\u4e48\u662f\u540e\u5929\uff0c\u660e\u5929\u4e0d\u884c\u5417\uff1f\u201d\u71d5\u9752\u6b6a\u5934\uff0c\u5f88\u7591\u60d1\u7684\u770b\u7740\u5362\u4fca\u4e49\u3002\u201c\u56e0\u4e3a\u4f60\u660e\u5929\u8981\u4f11\u606f\u3002\u201d\u5362\u4fca\u4e49\u4e25\u8083\u7684\u5bf9\u71d5\u9752\u8bf4\u201c...',
	 'book_download': [{'progress': u'\u672a\u77e5',
	                    'source_site': [u'txt\u7535\u5b50\u4e66\u4e0b\u8f7d\u7f51',
	                                    u'http://txt.woaidu.org/bookdownload_bookid_197997_snatchid_170011.html'],
	                    'update_time': u'2012-06-14',
	                    'url': [u'http://book.booktxt.com/txtbuk/20120405/danmei/201204051449099610.rar']},
	                   {'progress': u'\u672a\u77e5',
	                    'source_site': [u'\u843d\u5427\u4e66\u5c4b',
	                                    u'http://txt.woaidu.org/bookdownload_bookid_197997_snatchid_151435.html'],
	                    'update_time': u'2011-08-22',
	                    'url': [u'http://www.luo8.com/e/DownSys/DownSoft/?classid=4&id=25215&pathid=0&dtype=1',
	                            u'http://xiashu.luo8.com:6163/file/2011-08-22/5910d052289e889a4a06313aa4be0a4d.txt']},
	                   {'progress': u'\u5b8c\u7ed3',
	                    'source_site': [u'TXTQB\u5c0f\u8bf4\u4e0b\u8f7d\u7f51',
	                                    u'http://txt.woaidu.org/bookdownload_bookid_197997_snatchid_242835.html'],
	                    'update_time': u'2011-08-01',
	                    'url': [u'http://down.txtqb.cn/txtqb/UploadFileds/2011-8/%B4%A9%D4%BD%CB%AE%E4%B0%D6%AE%CE%D2%CA%C7%D1%E0%C7%E0.rar']}],
	 'book_name': u'\u7a7f\u8d8a\u6c34\u6d52\u4e4b\u6211\u662f\u71d5\u9752',
	 'original_url': 'http://www.woaidu.org/book_197997.html'}
	Traceback (most recent call last):
	  File "/usr/local/lib/python2.7/dist-packages/scrapy/middleware.py", line 62, in _process_chain
	    return process_chain(self.methods[methodname], obj, *args)
	  File "/usr/local/lib/python2.7/dist-packages/scrapy/utils/defer.py", line 65, in process_chain
	    d.callback(input)
	  File "/usr/lib/python2.7/dist-packages/twisted/internet/defer.py", line 382, in callback
	    self._startRunCallbacks(result)
	  File "/usr/lib/python2.7/dist-packages/twisted/internet/defer.py", line 490, in _startRunCallbacks
	    self._runCallbacks()
	--- <exception caught here> ---
	  File "/usr/lib/python2.7/dist-packages/twisted/internet/defer.py", line 577, in _runCallbacks
	    current.result = callback(current.result, *args, **kw)
	  File "/home/whisky/workspace/eclipse/python/scrapyCrawl_git/scrapyCrawler/scrapycrawl/scrapycrawl/pipelines/bookfile.py", line 76, in process_item
	    info = self.spiderinfo[spider]
	exceptions.TypeError: 'SpiderInfo' object has no attribute '__getitem__'
	
2014-08-18 15:24:29+0800 [woaidu] DEBUG: Crawled (200) <GET http://www.woaidu.org/book_197998.html> (referer: http://www.woaidu.org/sitemap_1.html)
2014-08-18 15:24:29+0800 [woaidu] ERROR: Error processing {'author': [u'\u4f0a\u72c4'],
	 'book_covor_image_url': u'',
	 'book_description': u'\u91cc\u5305\u6069\uff1a\u4ece\u91cc\u5230\u5916\uff0c\u6ca1\u6709\u54ea\u6015\u4e00\u4e01\u70b9\u300c\u771f\u5b9e\u300d\u7684\u5bb6\u4f19\u3002\u7eb2\u5409\uff1a\u660e\u660e\u662f\u4e2a\u5f88\u53ef\u9760\u4e5f\u5f88\u6e29\u67d4\u7684\u4eba\uff0c\u5374\u603b\u559c\u6b22\u8ba9\u522b\u4eba\u8bef\u89e3\u81ea\u5df1\u3002\u4e91\u96c0\uff1a\u8be5\u88ab\u54ac\u6740\u4e00\u5343\u904d\u7684\u6df7\u8d26\u3002\u9ab8\uff1a\u4e0d\u77e5\u9053\u8be5\u600e\u4e48\u5f62\u5bb9\u5462\u2026\u2026\u30af\u30d5\u30d5\uff5e\uff08\u53e3\u662f\u5fc3\u975e\u5427\u4f60\uff09\u74e6\u5229\u4e9a\u7bc7\u53f2\u5e93\u74e6\u7f57\uff1a\u6076\u52a3\u3001\u8179\u9ed1\u3001\u7ea0\u7ed3\uff0c\u6027\u683c\u626d\u66f2\u5f97\u65e0\u4ee5\u590d\u52a0\u7684\u6df7\u86cb\u5c0f\u9b3c\uff01\uff01\u8d1d\u5c14\uff1a\u6bd4\u738b\u5b50\u8fd8\u8981\u559c\u6b22\u8840\u7684\u5bb6\u4f19\uff0c\u60f3\u548c\u4ed6\u4e00\u51b3\u9ad8\u4e0b\u5462\u2026\u2026\u563b\u563b\u563b\u563b\uff5e\u5f17\u5170\uff1a\u5b9e\u9645\u5e74\u9f8425\u5c81\u5916\u8868\u770b\u4e0a\u53bb15\u5c81\u4f46\u662f\u5185\u5fc3\u53ea\u67095\u5c81\u7684\u5947\u7279\u4eba\u79cd\uff0c\u6bd4\u767d\u75f4\u738b\u5b50\u62ec\u53f7\u4f2a\u8fd8\u8981\u5e7c\u7a1a\u3002 \u300a\u8840\u8272\u8537\u8587\uff08Bloody Rosa\uff09\u300b\u5185\u5bb9\u622a\u9009\uff1a\u201c\u4f46\u662f\u5462\uff0c\u300c\u516d\u9053\u4e4b\u773c\u300d\u7684\u6240\u6709\u8005\uff0c\u53ea\u8981\u4e0d\u8fbe\u6210\u548c\u300c\u773c\u300d\u7684\u5951\u7ea6\uff0c\u5c31\u4f1a\u4e0d\u505c\u5730\u8f6c\u4e16\u8f6e\u56de\u4e0b\u53bb\u2026\u2026\u5e26\u7740\u516d\u9053\u8f6e\u56de\u7684\u6240\u6709\u8bb0\u5fc6\u3002\u201d\u201c\u4e0d\u662f\u4f60\u4e00\u4e2a\u300c\u5f02\u7c7b\u300d\u3002\u53ea\u8981\u6211\u6d3b\u7740\uff0c\u5c31\u4e00\u5b9a\u4f1a\u627e\u5230\u4f60\u3002\u6bcf\u4e00\u4e16\u3002\u201d\u201c\u8fd9\u662f\u6211\u80fd\u591f\u8bb8\u4e0b\u7684\u3001\u6700\u63a5\u8fd1\u300c\u6c38\u6052\u300d\u7684\u8a93\u8a00\u3002\u201d\u201c\u8fd9\u6837\u7684...',
	 'book_download': [{'progress': u'\u672a\u77e5',
	                    'source_site': [u'\u843d\u5427\u4e66\u5c4b',
	                                    u'http://txt.woaidu.org/bookdownload_bookid_197998_snatchid_151246.html'],
	                    'update_time': u'2011-08-22',
	                    'url': [u'http://www.luo8.com/e/DownSys/DownSoft/?classid=4&id=25225&pathid=0&dtype=1',
	                            u'http://xiashu.luo8.com:6163/file/2011-08-22/3c1806e3a07aaa17a3813ad3bbe49f9f.txt']}],
	 'book_name': u'\u8840\u8272\u8537\u8587\uff08Bloody',
	 'original_url': 'http://www.woaidu.org/book_197998.html'}
	Traceback (most recent call last):
	  File "/usr/local/lib/python2.7/dist-packages/scrapy/middleware.py", line 62, in _process_chain
	    return process_chain(self.methods[methodname], obj, *args)
	  File "/usr/local/lib/python2.7/dist-packages/scrapy/utils/defer.py", line 65, in process_chain
	    d.callback(input)
	  File "/usr/lib/python2.7/dist-packages/twisted/internet/defer.py", line 382, in callback
	    self._startRunCallbacks(result)
	  File "/usr/lib/python2.7/dist-packages/twisted/internet/defer.py", line 490, in _startRunCallbacks
	    self._runCallbacks()
	--- <exception caught here> ---
	  File "/usr/lib/python2.7/dist-packages/twisted/internet/defer.py", line 577, in _runCallbacks
	    current.result = callback(current.result, *args, **kw)
	  File "/home/whisky/workspace/eclipse/python/scrapyCrawl_git/scrapyCrawler/scrapycrawl/scrapycrawl/pipelines/bookfile.py", line 76, in process_item
	    info = self.spiderinfo[spider]
	exceptions.TypeError: 'SpiderInfo' object has no attribute '__getitem__'
	
2014-08-18 15:24:31+0800 [woaidu] DEBUG: Crawled (200) <GET http://www.woaidu.org/book_197999.html> (referer: http://www.woaidu.org/sitemap_1.html)
2014-08-18 15:24:31+0800 [woaidu] ERROR: Error processing {'author': [u'\u591c\u6faa'],
	 'book_covor_image_url': u'http://images.bookbao.com/UploadFile/201109/01/2011090121236149383291.jpg',
	 'book_description': u'\u559c\u7231\u5c0f\u8bf4\u5230\u4e86\u4e0b\u610f\u8bc6\u6a21\u4eff\u4e3b\u89d2\u5c0f\u52a8\u4f5c\u7684\u5730\u6b65\uff0c\u5728\u65b0\u4e00\u90e8\u5c0f\u8bf4\u5f53\u4e2d\u610f\u5916\u5730\u770b\u5230\u4e86\u5404\u79cd\u81ea\u5df1\u7684\u5f71\u5b50\uff0c\u4e8e\u662f\u8a93\u8981\u5728\u5468\u56f4\u4eba\u7fa4\u4e2d\u628a\u6f5c\u85cf\u7684\u5077kui\u5acc\u7591\u4eba\u6316\u51fa\u6765\u5077kui\u5230\u8d70\u706b\u5165\u9b54\u7231\u4e0a\u5bf9\u65b9\u7684\u5c0f\u8bf4\u5bb6\uff0c\u548c\u4e3a\u8fbe\u76ee\u7684\u4e0d\u60dc\u8fd0\u7528\u8b66\u65b9\u7684\u4e13\u4e1a\u624b\u6bb5\u4e5f\u8981\u627e\u51fa\u5076\u50cf\u7684\u8b66\u5bdf\u7684\u6545\u4e8b\u5728S\u5e02\u4e00\u6761\u50fb\u9759\u7684\u5c0f\u9a6c\u8def\u8fb9\uff0c\u5f00\u7740\u4e00\u5bb6\u5e76\u4e0d\u600e\u4e48\u663e\u773c\u7684\u82b1\u5e97\uff0c\u82b1\u5e97\u7684\u88c5\u6f62\u5f88\u7b80\u5355\uff0c\u4f46\u4e0d\u8bba\u662f\u4ece\u5176\u6574\u4f53\u7684\u4ee5\u6696\u8272\u8c03\u4e3a\u4e3b\u7684\u5899\u9762\u53ca\u88c5\u9970\u4e0a\uff0c\u8fd8\u662f\u4ece\u9c9c\u82b1\u548c\u5c0f\u793c\u54c1\u7684\u7ec4\u5408\u642d\u914d\u6446\u653e\u4e0a\uff0c\u90fd\u65e0\u5904\u4e0d\u900f\u7740\u4e00\u80a1\u6e29\u99a8\u3002 \u300a\u88ab\u6697\u604b\u300b\u5185\u5bb9\u622a\u9009\uff1a\u201c\u8fd9\u7b97\u5f97\u4e0a\u662f\u516c\u516c\u9001\u7ed9\u5ab3\u5987\u513f\u7684\u7b2c\u4e00\u4ef6\u793c\u7269\u5427\uff1f\u201d\u7eaa\u5982\u677e\u8c03\u4f83\u9053\u3002\u672c\u4ee5\u4e3a\u8c22\u5448\u5c39\u5728\u8fd9\u4e2a\u95ee\u9898\u4e0a\u603b\u4f1a\u4e0e\u81ea\u5df1\u636e\u7406\u529b\u4e89\u4e00\u56de\uff0c\u7136\u540e\u4ed6\u518d\u9017\u9017\u5bf9\u65b9\uff0c\u53ef\u8c01\u77e5\u9053\u4e0e\u4ed6\u7684\u9884\u671f\u5b8c\u5168\u76f8\u53cd\u7684\u662f\uff0c\u8c22\u5448\u5c39\u4e8c\u8bdd\u4e0d\u8bf4\uff0c\u5c45\u7136\u76f4\u63a5\u62a1\u8d77\u53f3\u624b\u8fb9\u7684\u62d0\u6756\uff0c\u7ed9\u7eaa\u5982\u677e\u7684\u5c41\u80a1\u4e0a\u7a81\u7136\u6765\u4e86\u4e00\u4e0b\u5b50\uff0c\u800c\u4ed6\u7684\u53cc\u988a\u5374\u5728\u8fd9\u4e2a\u65f6\u5019...',
	 'book_download': [{'progress': u'\u672a\u77e5',
	                    'source_site': [u'txt\u7535\u5b50\u4e66\u4e0b\u8f7d\u7f51',
	                                    u'http://txt.woaidu.org/bookdownload_bookid_197999_snatchid_170206.html'],
	                    'update_time': u'2012-05-28',
	                    'url': [u'http://book.booktxt.com/txtbuk/20120405/danmei/201204051448229496.rar']},
	                   {'progress': u'\u672a\u77e5',
	                    'source_site': [u'\u4e66\u5305\u7f51',
	                                    u'http://txt.woaidu.org/bookdownload_bookid_197999_snatchid_536458.html'],
	                    'update_time': u'2011-09-01',
	                    'url': [u'http://down.bookbao.com/Books/201109/01/201109012123011655_614938.TXT',
	                            u'http://down1.bookbao.com/UserDown.aspx?id=XMjAyNjQ4&rnd=20130904155234']},
	                   {'progress': u'\u5b8c\u7ed3',
	                    'source_site': [u'TXTQB\u5c0f\u8bf4\u4e0b\u8f7d\u7f51',
	                                    u'http://txt.woaidu.org/bookdownload_bookid_197999_snatchid_242776.html'],
	                    'update_time': u'2011-08-18',
	                    'url': [u'http://down.txtqb.cn/txtqb/UploadFileds/2011-8/%B1%BB%B0%B5%C1%B5.rar']},
	                   {'progress': u'\u5b8c\u7ed3',
	                    'source_site': [u'\u96e8\u67ab\u7535\u5b50\u4e66',
	                                    u'http://txt.woaidu.org/bookdownload_bookid_197999_snatchid_409802.html'],
	                    'update_time': u'2011-08-17',
	                    'url': [u'http://txt.Rain8.com/uploads/soft/1108/\u88ab\u6697\u604b_\u96e8\u67ab\u8f69Rain8.com.rar',
	                            u'http://txt.rain8.com/plus/download.php?open=2&id=7456&uhash=10679c960a919521b32cff30']}],
	 'book_name': u'\u88ab\u6697\u604b',
	 'original_url': 'http://www.woaidu.org/book_197999.html'}
	Traceback (most recent call last):
	  File "/usr/local/lib/python2.7/dist-packages/scrapy/middleware.py", line 62, in _process_chain
	    return process_chain(self.methods[methodname], obj, *args)
	  File "/usr/local/lib/python2.7/dist-packages/scrapy/utils/defer.py", line 65, in process_chain
	    d.callback(input)
	  File "/usr/lib/python2.7/dist-packages/twisted/internet/defer.py", line 382, in callback
	    self._startRunCallbacks(result)
	  File "/usr/lib/python2.7/dist-packages/twisted/internet/defer.py", line 490, in _startRunCallbacks
	    self._runCallbacks()
	--- <exception caught here> ---
	  File "/usr/lib/python2.7/dist-packages/twisted/internet/defer.py", line 577, in _runCallbacks
	    current.result = callback(current.result, *args, **kw)
	  File "/home/whisky/workspace/eclipse/python/scrapyCrawl_git/scrapyCrawler/scrapycrawl/scrapycrawl/pipelines/bookfile.py", line 76, in process_item
	    info = self.spiderinfo[spider]
	exceptions.TypeError: 'SpiderInfo' object has no attribute '__getitem__'
	
2014-08-18 15:24:32+0800 [woaidu] DEBUG: Crawled (200) <GET http://www.woaidu.org/book_197980.html> (referer: http://www.woaidu.org/sitemap_1.html)
2014-08-18 15:24:32+0800 [woaidu] ERROR: Error processing {'author': [u'\u70c8\u9a79'],
	 'book_covor_image_url': u'',
	 'book_description': u'\u6c90\u6d74\u554a\uff0c\u8fd9\u4e3d\u4eba\u7684\u6625\uff01\u7528\u7409\u7483\u68b3\u5b50\uff0c\u629a\u6478\u5979\u7684\u53d1\uff0c\u5979\u7684\u4e1d\uff01\u662f\u8c01\u63ed\u5f00\u5979\u5a07\u8273\u7684\u9762\u7eb1\uff1f\u6211\u2014\u2014\u8fd9\u4e2a\u5239\u5e1d\u5229\u7684\u513f\u5b50\u554a\uff01\u53ea\u60f3\u8ffd\u9010\u8fd9\u593a\u76ee\u7684\u6625\u795e\uff0c\u7528\u4e94\u8272\u7684\u82b1\u6735\uff0c\u88c5\u626e\u5979\u7ee2\u4e1d\u822c\u7684\u53d1\u3002\u6211\u7684\u7231\u795e\u554a\uff01 \u300a\u5e7d\u5e7d\u767e\u5408\u9999\u300b\u5185\u5bb9\u622a\u9009\uff1a\u201c\u4e3d\u5609\uff01\u5fd8\u8bb0\u4e00\u5207\u91cd\u65b0\u5f00\u59cb\u5427\uff0c\u6211\u662f\u771f\u7684\u559c\u6b22\u4e3d\u5609\u4f60\u554a\uff01\u201d\u201c\u6751\u4e0a\u8bf4\u7684\u6ca1\u9519\uff0c\u4f60\u662f\u4e2a\u6df7\u86cb\uff01\u201d\u4e3d\u5609\u594b\u529b\u5730\u628a\u54ac\u4e86\u7f3a\u53e3\u7684\u63d0\u62c9\u7c73\u82cf\u6309\u5728\u53ca\u5ddd\u7684\u8138\u4e0a\uff0c\u5feb\u901f\u5730\u9003\u51fa\u5496\u5561\u5385\u3002\u5979\u64e6\u5e72\u5fae\u6e7f\u7684\u773c\u89d2\u3002\u662f\u7684\uff0c\u8fd9\u4e2a\u4eba\u5979\u4ee5\u540e\u90fd\u4e0d\u8981\u89c1\u5230\uff0c\u7ed3\u4e0d\u53ef\u80fd\u8f7b\u6613\u89e3\u5f00\uff0c\u7136\u800c\u4f9d\u7136\u4e3a\u8fc7\u53bb\u6dfb\u52a0\u503a\u52a1\uff0c\u53bb\u66f4\u6df1\u5730\u4f24\u5bb3\u522b\u4eba\uff0c\u4e3d\u5609\u505a\u4e0d\u5230\u3002\u5979\u660e\u767d\u963f\u4ee3\u80fd\u8ba9\u5979\u5e78\u798f\uff0c\u800c\u5979\u4e5f\u559c\u6b22\u7740\u6751\u4e0a\u3002\u9910\u5385\u8fb9\u8eb2\u95ea\u4e00\u4e2a\u719f\u6089\u7684\u4eba\u5f71\uff0c\u554a\uff01\u662f\u6751\u4e0a\uff01\u201c\u4f60\u5728\u8fd9\u91cc\u505a\u4ec0\u4e48\uff1f\u963f\u4ee3\uff01\u201d\u4e3d\u5609\u4e00\u628a\u6293\u4f4f\u6751\u4e0a\u52a9\u4ee3\uff0c\u602a\u5f02\u5730\u770b\u7740\u4ed6\u3002\u6751\u4e0a\u817c\u8146\u5730\u7b11\u4e86\u3002\u201c\u55ef\uff5e\u963f\u4ee3\u4f60\u4e00\u76f4\u5728\u8fd9\uff1f\u4e0d\u653e\u5fc3\u6211\uff1f\u5475\u5475\uff5e\uff5e\uff5e\u50bb\u74dc\uff01\u6211\u662f\u4e0d\u4f1a\u629b\u4e0b...',
	 'book_download': [{'progress': u'\u672a\u77e5',
	                    'source_site': [u'4020\u7535\u5b50\u4e66',
	                                    u'http://txt.woaidu.org/bookdownload_bookid_197980_snatchid_666733.html'],
	                    'update_time': u'2011-08-23',
	                    'url': []}],
	 'book_name': u'\u5e7d\u5e7d\u767e\u5408\u9999',
	 'original_url': 'http://www.woaidu.org/book_197980.html'}
	Traceback (most recent call last):
	  File "/usr/local/lib/python2.7/dist-packages/scrapy/middleware.py", line 62, in _process_chain
	    return process_chain(self.methods[methodname], obj, *args)
	  File "/usr/local/lib/python2.7/dist-packages/scrapy/utils/defer.py", line 65, in process_chain
	    d.callback(input)
	  File "/usr/lib/python2.7/dist-packages/twisted/internet/defer.py", line 382, in callback
	    self._startRunCallbacks(result)
	  File "/usr/lib/python2.7/dist-packages/twisted/internet/defer.py", line 490, in _startRunCallbacks
	    self._runCallbacks()
	--- <exception caught here> ---
	  File "/usr/lib/python2.7/dist-packages/twisted/internet/defer.py", line 577, in _runCallbacks
	    current.result = callback(current.result, *args, **kw)
	  File "/home/whisky/workspace/eclipse/python/scrapyCrawl_git/scrapyCrawler/scrapycrawl/scrapycrawl/pipelines/bookfile.py", line 76, in process_item
	    info = self.spiderinfo[spider]
	exceptions.TypeError: 'SpiderInfo' object has no attribute '__getitem__'
	
2014-08-18 15:24:33+0800 [woaidu] DEBUG: Crawled (200) <GET http://www.woaidu.org/book_197981.html> (referer: http://www.woaidu.org/sitemap_1.html)
2014-08-18 15:24:33+0800 [woaidu] ERROR: Error processing {'author': [u'\u4e00\u679a\u53c9\u5177'],
	 'book_covor_image_url': u'',
	 'book_description': u'\u5b85\u7537IT\u6c11\u5de5\u623f\u4e1c\u5176\u5b9e\u662f\u7ffb\u5531\u754c\u5927\u624b\uff0c\u65e0\u610f\u95f4\u53d1\u73b0\u5f53\u7406\u53d1\u5e08\u7684\u79df\u5ba2\u662f\u81ea\u5df1\u7684\u8d85\u7ea7\u7c89\u4e1d\uff0c\u6bcf\u5929\u6253\u4e86\u9e21\u8840\u4f3c\u7684\u8ddf\u4ed6\u704c\u8f93\u5d07\u62dc\u7684\u5927\u624b\u7684\u70b9\u70b9\u6ef4\u6ef4\u2026\u2026\u4e8e\u662f\u5927\u624b\u5404\u79cd\u7ea0\u7ed3\u5404\u79cd\u75db\u82e6\uff0c\u5374\u83ab\u540d\u5176\u5999\u8d70\u4e0a\u4e86\u5077kui\u7c89\u4e1d\u4e4b\u8def\u2026\u2026  \u5185\u5bb9\u6807\u7b7e\uff1a\u90fd\u5e02\u60c5\u7f18 \u5929\u4f5c\u4e4b\u548c\u5173\u9e4f\u89c9\u5f97\u81ea\u5df1\u4eba\u751f\u8870\u5230\u4e86\u5c3d\u5934\u3002\u770b\u7740\u5b58\u6298\u4e0a\u7684\u6570\u5b57\uff0c\u53ea\u60f3\u62ff\u8111\u888b\u53bb\u78d5\u684c\u6cbf\u3002 \u4e24\u4e2a\u6708\u524d\uff0c\u5173\u9e4f\u7684\u672a\u5a5a\u59bb\u8ddf\u4eba\u8dd1\u4e86\u3002\u672a\u5a5a\u59bb\u662f\u4eba\u4ecb\u7ecd\u7684\uff0c\u5173\u9e4f\u786c\u7740\u5934\u76ae\u88ab\u592a\u540e\u62bc\u7740\u53bb\u76f8\u4e86\u4eb2\uff0c\u5370\u8c61\u4e2d\u59d1\u5a18\u8fd8\u4e0d\u9519\uff0c\u5f53\u7136\u4e5f\u6ca1\u88ab\u4e00\u7bad\u5c04\u4e2d\u5fc3\u810f\u7684\u611f\u89c9\u3002\u542c\u5bb6\u4eba\u4ecb\u7ecd\u7740\u5bf9\u65b9\u5bb6\u4e16\u80cc\u666f\uff0c\u672c\u672c\u5206\u5206\u7684\u4eba\u5bb6\uff0c\u59d1\u5a18\u4e5f\u6e29\u67d4\u5c0f\u5de7\u813e\u6c14\u597d\u3002\u4eb2\u5bb6\u516c\u4eb2\u5bb6\u6bcd\u4e00\u4f1a\u9762\uff0c\u4e00\u770b\u5728\u5ea7\u7684\u5173\u9e4f\u8001\u8001\u5b9e\u5b9e\u6e05\u6e05\u723d\u723d\u6709\u793c\u8c8c\u6709\u6559\u517b\uff0c\u5de5\u4f5c\u6b63\u5f53\u85aa\u6c34\u53ef\u89c2\uff0c\u5f53\u5373\u62cd\u4e86\u684c\u5b50\u8981\u628a\u5973\u513f\u5ac1\u4e86\u3002\u8fd9\u4e0b\u597d\uff0c\u5173\u9e4f\u8fd9\u8fb9\u624b\u5fd9\u811a\u4e71\uff0c\u63d0\u4e86\u79ef\u84c4\u516c\u79ef\u91d1\uff0c\u501f\u4e86\u7236\u6bcd\u4e00\u7b14\u94b1\uff0c\u5728\u65b0\u7684\u5f00\u53d1\u533a\u7f6e\u4e86\u4e00\u5957\u4e24\u5c45\u5ba4\u3002...',
	 'book_download': [{'progress': u'\u672a\u77e5',
	                    'source_site': [u'\u4e66\u5305\u7f51',
	                                    u'http://txt.woaidu.org/bookdownload_bookid_197981_snatchid_527446.html'],
	                    'update_time': u'2012-07-23',
	                    'url': [u'http://down.bookbao.com/Books/201207/23/201207232303071381_817535.TXT',
	                            u'http://down1.bookbao.com/UserDown.aspx?id=XMjgwMjU2&rnd=20130904172851']}],
	 'book_name': u'\u6211\u542c\u8fc7\u4f60\u7684\u6b4c',
	 'original_url': 'http://www.woaidu.org/book_197981.html'}
	Traceback (most recent call last):
	  File "/usr/local/lib/python2.7/dist-packages/scrapy/middleware.py", line 62, in _process_chain
	    return process_chain(self.methods[methodname], obj, *args)
	  File "/usr/local/lib/python2.7/dist-packages/scrapy/utils/defer.py", line 65, in process_chain
	    d.callback(input)
	  File "/usr/lib/python2.7/dist-packages/twisted/internet/defer.py", line 382, in callback
	    self._startRunCallbacks(result)
	  File "/usr/lib/python2.7/dist-packages/twisted/internet/defer.py", line 490, in _startRunCallbacks
	    self._runCallbacks()
	--- <exception caught here> ---
	  File "/usr/lib/python2.7/dist-packages/twisted/internet/defer.py", line 577, in _runCallbacks
	    current.result = callback(current.result, *args, **kw)
	  File "/home/whisky/workspace/eclipse/python/scrapyCrawl_git/scrapyCrawler/scrapycrawl/scrapycrawl/pipelines/bookfile.py", line 76, in process_item
	    info = self.spiderinfo[spider]
	exceptions.TypeError: 'SpiderInfo' object has no attribute '__getitem__'
	
